<?xml version="1.0" encoding="UTF-8" ?>
<beans xmlns="http://www.springframework.org/schema/beans"
  xmlns:context="http://www.springframework.org/schema/context"
  xmlns:xsi="http://www.w3.org/2001/XMLSchema-instance"
  xmlns:util="http://www.springframework.org/schema/util"
  xmlns:jee="http://www.springframework.org/schema/jee"
  xmlns:tx="http://www.springframework.org/schema/tx"
  xmlns:aop="http://www.springframework.org/schema/aop"
  xsi:schemaLocation="
   http://www.springframework.org/schema/beans http://www.springframework.org/schema/beans/spring-beans-2.5.xsd
   http://www.springframework.org/schema/util http://www.springframework.org/schema/util/spring-util-2.5.xsd
   http://www.springframework.org/schema/jee http://www.springframework.org/schema/jee/spring-jee-2.5.xsd
   http://www.springframework.org/schema/tx http://www.springframework.org/schema/tx/spring-tx-2.5.xsd
   http://www.springframework.org/schema/aop http://www.springframework.org/schema/aop/spring-aop-2.5.xsd
   http://www.springframework.org/schema/context http://www.springframework.org/schema/context/spring-context-2.5.xsd">


 <bean id="podCastGenerator" class="com.morty.podcast.writer.PodCastGenerator">
  <property name="directory" value="testpack" />
  <property name="fileToCreate" value="test/test-generated.xml" />
  <property name="httpRoot" value="http://www.morty.com" />
  <property name="simpleMode" value="false" />
  <property name="urlSuffix" value="?dl=1" />
 </bean>

</beans>
