<?xml version="1.0" encoding="UTF-8"?>
<rss xmlns:itunes="http://www.itunes.com/dtds/podcast-1.0.dtd" xmlns:dc="http://purl.org/dc/elements/1.1/" version="2.0">
  <channel>
    <title>TestPodcast</title>
    <link>http://www.morty.com/test-generated.xml?dl=1</link>
    <description>Podcast from testpack</description>
    <copyright>Copyright Testpack</copyright>
    <dc:rights>Copyright Testpack</dc:rights>
    <itunes:owner>
      <itunes:email />
      <itunes:name />
    </itunes:owner>
    <itunes:image href="http://www.morty.com/image.jpg?dl=1" />
    <itunes:explicit>no</itunes:explicit>
    <itunes:keywords />
    <itunes:summary>Podcast from testpack</itunes:summary>
    <image>
      <title>PodcastImage</title>
      <url>http://www.morty.com/image.jpg?dl=1</url>
      <link>http://www.morty.com/test-generated.xml?dl=1</link>
      <description>Podcast from testpack</description>
    </image>
    <item>
      <title>module1 Lecture Audio from 20110811</title>
      <link>http://www.morty.com/module1/20110811.Unit1.Introduction.module1.mp3?dl=1</link>
      <description>Module1 (Unit1) - Introduction</description>
      <enclosure url="http://www.morty.com/module1/20110811.Unit1.Introduction.module1.mp3?dl=1" type="audio/mpeg" />
      <category>module1</category>
      <guid>http://www.morty.com/module1/20110811.Unit1.Introduction.module1.mp3?dl=1</guid>
      <itunes:duration>00:00:02</itunes:duration>
      <itunes:author>Module1 Lecturer</itunes:author>
      <itunes:explicit>no</itunes:explicit>
      <itunes:keywords>module1</itunes:keywords>
      <itunes:summary>Module1 (Unit1) - Introduction</itunes:summary>
      <itunes:owner>
        <itunes:email />
        <itunes:name />
      </itunes:owner>
      <itunes:image href="http://www.morty.com/image.jpg?dl=1" />
      <itunes:explicit>no</itunes:explicit>
      <itunes:keywords />
    </item>
    <item>
      <title>module1 Notes from 20110811</title>
      <link>http://www.morty.com/module1/20110811.Unit1.Introduction_to_mod1.module1.pdf?dl=1</link>
      <description>Module1 (Unit1) - Introduction to mod1</description>
      <enclosure url="http://www.morty.com/module1/20110811.Unit1.Introduction_to_mod1.module1.pdf?dl=1" type="application/pdf" />
      <category>module1</category>
      <guid>http://www.morty.com/module1/20110811.Unit1.Introduction_to_mod1.module1.pdf?dl=1</guid>
      <itunes:duration>00:01:00</itunes:duration>
      <itunes:author>Module1 Lecturer</itunes:author>
      <itunes:explicit>no</itunes:explicit>
      <itunes:keywords>module1</itunes:keywords>
      <itunes:summary>Module1 (Unit1) - Introduction to mod1</itunes:summary>
      <itunes:owner>
        <itunes:email />
        <itunes:name />
      </itunes:owner>
      <itunes:image href="http://www.morty.com/image.jpg?dl=1" />
      <itunes:explicit>no</itunes:explicit>
      <itunes:keywords />
    </item>
    <item>
      <title>module1 Notes from Unit2</title>
      <link>http://www.morty.com/module1/Unit2.pdf?dl=1</link>
      <description>Module1 (Unit2) - Lecture Notes</description>
      <enclosure url="http://www.morty.com/module1/Unit2.pdf?dl=1" type="application/pdf" />
      <category>module1</category>
      <guid>http://www.morty.com/module1/Unit2.pdf?dl=1</guid>
      <itunes:duration>00:01:00</itunes:duration>
      <itunes:author>Module1 Lecturer</itunes:author>
      <itunes:explicit>no</itunes:explicit>
      <itunes:keywords>module1</itunes:keywords>
      <itunes:summary>Module1 (Unit2) - Lecture Notes</itunes:summary>
      <itunes:owner>
        <itunes:email />
        <itunes:name />
      </itunes:owner>
      <itunes:image href="http://www.morty.com/image.jpg?dl=1" />
      <itunes:explicit>no</itunes:explicit>
      <itunes:keywords />
    </item>
    <item>
      <title>module2 Lecture Audio from 20110811</title>
      <link>http://www.morty.com/module2/20110811.Unit1.Introduction.module2.mp3?dl=1</link>
      <description>Module2 (Unit1) - Introduction</description>
      <enclosure url="http://www.morty.com/module2/20110811.Unit1.Introduction.module2.mp3?dl=1" type="audio/mpeg" />
      <category>module2</category>
      <guid>http://www.morty.com/module2/20110811.Unit1.Introduction.module2.mp3?dl=1</guid>
      <itunes:duration>00:00:02</itunes:duration>
      <itunes:author>Module2 Lecturer</itunes:author>
      <itunes:explicit>no</itunes:explicit>
      <itunes:keywords>module2</itunes:keywords>
      <itunes:summary>Module2 (Unit1) - Introduction</itunes:summary>
      <itunes:owner>
        <itunes:email />
        <itunes:name />
      </itunes:owner>
      <itunes:image href="http://www.morty.com/image.jpg?dl=1" />
      <itunes:explicit>no</itunes:explicit>
      <itunes:keywords />
    </item>
    <item>
      <title>module2 Notes from 20110811</title>
      <link>http://www.morty.com/module2/20110811.Unit1.Introduction.module2.pdf?dl=1</link>
      <description>Module2 (Unit1) - Introduction</description>
      <enclosure url="http://www.morty.com/module2/20110811.Unit1.Introduction.module2.pdf?dl=1" type="application/pdf" />
      <category>module2</category>
      <guid>http://www.morty.com/module2/20110811.Unit1.Introduction.module2.pdf?dl=1</guid>
      <itunes:duration>00:01:00</itunes:duration>
      <itunes:author>Module2 Lecturer</itunes:author>
      <itunes:explicit>no</itunes:explicit>
      <itunes:keywords>module2</itunes:keywords>
      <itunes:summary>Module2 (Unit1) - Introduction</itunes:summary>
      <itunes:owner>
        <itunes:email />
        <itunes:name />
      </itunes:owner>
      <itunes:image href="http://www.morty.com/image.jpg?dl=1" />
      <itunes:explicit>no</itunes:explicit>
      <itunes:keywords />
    </item>
    <item>
      <title>module3 Notes from 20110811</title>
      <link>http://www.morty.com/module3/20110811.Unit1.Introduction.module3.pdf?dl=1</link>
      <description>Module3 (Unit1) - Introduction</description>
      <enclosure url="http://www.morty.com/module3/20110811.Unit1.Introduction.module3.pdf?dl=1" type="application/pdf" />
      <category>module3</category>
      <guid>http://www.morty.com/module3/20110811.Unit1.Introduction.module3.pdf?dl=1</guid>
      <itunes:duration>00:01:00</itunes:duration>
      <itunes:author>Module3 Lecturer</itunes:author>
      <itunes:explicit>no</itunes:explicit>
      <itunes:keywords>module3</itunes:keywords>
      <itunes:summary>Module3 (Unit1) - Introduction</itunes:summary>
      <itunes:owner>
        <itunes:email />
        <itunes:name />
      </itunes:owner>
      <itunes:image href="http://www.morty.com/image.jpg?dl=1" />
      <itunes:explicit>no</itunes:explicit>
      <itunes:keywords />
    </item>
    <item>
      <title>module4 Notes from 20110811</title>
      <link>http://www.morty.com/module4/20110811.Unit1.Introduction.module4.pdf?dl=1</link>
      <description>Module4 (Unit1) - Introduction</description>
      <enclosure url="http://www.morty.com/module4/20110811.Unit1.Introduction.module4.pdf?dl=1" type="application/pdf" />
      <category>module4</category>
      <guid>http://www.morty.com/module4/20110811.Unit1.Introduction.module4.pdf?dl=1</guid>
      <itunes:duration>00:01:00</itunes:duration>
      <itunes:author>Module4 Lecturer</itunes:author>
      <itunes:explicit>no</itunes:explicit>
      <itunes:keywords>module4</itunes:keywords>
      <itunes:summary>Module4 (Unit1) - Introduction</itunes:summary>
      <itunes:owner>
        <itunes:email />
        <itunes:name />
      </itunes:owner>
      <itunes:image href="http://www.morty.com/image.jpg?dl=1" />
      <itunes:explicit>no</itunes:explicit>
      <itunes:keywords />
    </item>
  </channel>
</rss>

